Added Component: Designator=U7(STM32F103C8T6-BLUEPILL)
Add component (AddParameter): Name = "Add into BOM"; Value = "yes"; VariantName = "[No Variations]"
Add component (AddParameter): Name = "Contributor"; Value = "drswith"; VariantName = "[No Variations]"
Add component (AddParameter): Name = "Convert to PCB"; Value = "yes"; VariantName = "[No Variations]"
Add component (AddParameter): Name = "Device"; Value = "STM32F103C8T6-Bluepill"; VariantName = "[No Variations]"
Add component (AddParameter): Name = "link"; Value = ""; VariantName = "[No Variations]"
Add component (AddParameter): Name = "Manufacturer"; Value = ""; VariantName = "[No Variations]"
Add component (AddParameter): Name = "Manufacturer Part"; Value = ""; VariantName = "[No Variations]"
Add component (AddParameter): Name = "Origin Footprint"; Value = "STM32F103C8T6-BLUEPILL"; VariantName = "[No Variations]"
Add component (AddParameter): Name = "spicePre"; Value = "U"; VariantName = "[No Variations]"
Add component (AddParameter): Name = "spiceSymbolName"; Value = "STM32F103C8T6-Bluepill"; VariantName = "[No Variations]"
Add component (AddParameter): Name = "Supplier"; Value = ""; VariantName = "[No Variations]"
Add component (AddParameter): Name = "Supplier Part"; Value = ""; VariantName = "[No Variations]"
Add component (AddParameter): Name = "Symbol"; Value = "STM32F103C8T6-Bluepill"; VariantName = "[No Variations]"
Added Pin To Net: NetName=PA0 Pin=U7-5
Added Pin To Net: NetName=PA1 Pin=U7-6
Added Pin To Net: NetName=PA2 Pin=U7-7
Added Pin To Net: NetName=PA3 Pin=U7-8
Added Pin To Net: NetName=PA5 Pin=U7-10
Added Pin To Net: NetName=PA7 Pin=U7-12
Added Pin To Net: NetName=PB10 Pin=U7-15
Added Pin To Net: NetName=PB11 Pin=U7-16
Added Pin To Net: NetName=PA8 Pin=U7-25
Added Pin To Net: NetName=PA9 Pin=U7-26
Added Pin To Net: NetName=PA10 Pin=U7-27
Added Pin To Net: NetName=PB8 Pin=U7-36
Added Pin To Net: NetName=PB9 Pin=U7-37
Added Pin To Net: NetName=GND Pin=U7-39
Added Pin To Net: NetName=VCC Pin=U7-40
Added Member To Class: ClassName=MineSafe Member=Component U7 MCU_MHDR
