Removed Member From Class: ClassName=MineSafe Member=J4
Removed Member From Class: ClassName=MineSafe Member=P1
Removed Member From Class: ClassName=MineSafe Member=P2
Change Component Footprint: Designator=U2 Old Footprint=SENSOR-TH_DHT11 New Footprint=TH_ATK-NEO-6M
Change Component Comment : Designator=U2 Old Comment=DHT11 New Comment=ATK-NEO-6M
Change Component Designator: OldDesignator=C1 NewDesignator=C2
Change Component Designator: OldDesignator=C2 NewDesignator=C3
Change Component Designator: OldDesignator=C3 NewDesignator=C4
Change Component Designator: OldDesignator=C4 NewDesignator=C5
Change Component Designator: OldDesignator=C5 NewDesignator=C1
Change Component Designator: OldDesignator=R5 NewDesignator=R6
Change Component Designator: OldDesignator=R6 NewDesignator=R7
Change Component Designator: OldDesignator=R7 NewDesignator=R8
Change Component Designator: OldDesignator=U4 NewDesignator=U7
Change component parameters: Designator = "U2" ("U2"); Footprint = "SENSOR-TH_DHT11"; UniqueID = "\SKWNFQYP" ("\SKWNFQYP")
Change component parameters (AddParameter): Name = "Add into BOM"; Value = "yes"; VariantName = "[No Variations]"
Change component parameters (AddParameter): Name = "Channel ID"; Value = ""; VariantName = "[No Variations]"
Change component parameters (AddParameter): Name = "Convert to PCB"; Value = "yes"; VariantName = "[No Variations]"
Change component parameters (AddParameter): Name = "Datasheet"; Value = ""; VariantName = "[No Variations]"
Change component parameters (AddParameter): Name = "Device"; Value = "ATK-NEO-6M"; VariantName = "[No Variations]"
Change component parameters (AddParameter): Name = "Group ID"; Value = ""; VariantName = "[No Variations]"
Change component parameters (AddParameter): Name = "JLCPCB Part Class"; Value = "孺桯踱"; VariantName = "[No Variations]"
Change component parameters (AddParameter): Name = "LCSC Part Name"; Value = "ATK-NEO-6M"; VariantName = "[No Variations]"
Change component parameters (AddParameter): Name = "Manufacturer"; Value = ""; VariantName = "[No Variations]"
Change component parameters (AddParameter): Name = "Manufacturer Part"; Value = "ATK-NEO-6M"; VariantName = "[No Variations]"
Change component parameters (AddParameter): Name = "Reuse Block"; Value = ""; VariantName = "[No Variations]"
Change component parameters (AddParameter): Name = "Supplier"; Value = "LCSC"; VariantName = "[No Variations]"
Change component parameters (AddParameter): Name = "Supplier Footprint"; Value = "THrough hole"; VariantName = "[No Variations]"
Change component parameters (AddParameter): Name = "Supplier Part"; Value = "C9900025554"; VariantName = "[No Variations]"
Change component parameters (AddParameter): Name = "Symbol"; Value = "ATK-NEO-6M"; VariantName = "[No Variations]"
Added Component: Designator=R5(R0603)
Add component (AddParameter): Name = "Add into BOM"; Value = "yes"; VariantName = "[No Variations]"
Add component (AddParameter): Name = "Convert to PCB"; Value = "yes"; VariantName = "[No Variations]"
Add component (AddParameter): Name = "Device"; Value = "10k次"; VariantName = "[No Variations]"
Add component (AddParameter): Name = "JLCPCB Part Class"; Value = "Basic Part"; VariantName = "[No Variations]"
Add component (AddParameter): Name = "Manufacturer"; Value = "UNI-ROYAL(綠汒)"; VariantName = "[No Variations]"
Add component (AddParameter): Name = "Manufacturer Part"; Value = "0603WAF1002T5E"; VariantName = "[No Variations]"
Add component (AddParameter): Name = "nameAlias"; Value = "Resistance"; VariantName = "[No Variations]"
Add component (AddParameter): Name = "Origin Footprint"; Value = "R0603"; VariantName = "[No Variations]"
Add component (AddParameter): Name = "Resistance"; Value = "10K"; VariantName = "[No Variations]"
Add component (AddParameter): Name = "spicePre"; Value = "R"; VariantName = "[No Variations]"
Add component (AddParameter): Name = "spiceSymbolName"; Value = "0603WAF1002T5E"; VariantName = "[No Variations]"
Add component (AddParameter): Name = "Supplier"; Value = "LCSC"; VariantName = "[No Variations]"
Add component (AddParameter): Name = "Supplier Part"; Value = "C25804"; VariantName = "[No Variations]"
Add component (AddParameter): Name = "Symbol"; Value = "10k次"; VariantName = "[No Variations]"
Added Component: Designator=U4(HDR-F-2.54_1X3)
Add component (AddParameter): Name = "Add into BOM"; Value = "yes"; VariantName = "[No Variations]"
Add component (AddParameter): Name = "Contributor"; Value = "drswith"; VariantName = "[No Variations]"
Add component (AddParameter): Name = "Convert to PCB"; Value = "yes"; VariantName = "[No Variations]"
Add component (AddParameter): Name = "Device"; Value = "DHT11-Module"; VariantName = "[No Variations]"
Add component (AddParameter): Name = "link"; Value = ""; VariantName = "[No Variations]"
Add component (AddParameter): Name = "Manufacturer"; Value = ""; VariantName = "[No Variations]"
Add component (AddParameter): Name = "Manufacturer Part"; Value = ""; VariantName = "[No Variations]"
Add component (AddParameter): Name = "Origin Footprint"; Value = "HDR-F-2.54_1X3"; VariantName = "[No Variations]"
Add component (AddParameter): Name = "spicePre"; Value = "U"; VariantName = "[No Variations]"
Add component (AddParameter): Name = "spiceSymbolName"; Value = "DHT11-Module"; VariantName = "[No Variations]"
Add component (AddParameter): Name = "Supplier"; Value = ""; VariantName = "[No Variations]"
Add component (AddParameter): Name = "Supplier Part"; Value = ""; VariantName = "[No Variations]"
Add component (AddParameter): Name = "Symbol"; Value = "DHT11-Module"; VariantName = "[No Variations]"
Added Pin To Net: NetName=VCC Pin=1-1
Added Pin To Net: NetName=GND Pin=1-2
Added Pin To Net: NetName=VCC Pin=R5-2
Added Pin To Net: NetName=GND Pin=U1-1
Added Pin To Net: NetName=VCC Pin=U1-2
Added Pin To Net: NetName=VCC Pin=U2-1
Added Pin To Net: NetName=GND Pin=U2-4
Added Pin To Net: NetName=GND Pin=U3-1
Added Pin To Net: NetName=VCC Pin=U3-8
Added Pin To Net: NetName=GND Pin=U4-1
Added Pin To Net: NetName=VCC Pin=U4-3
Added Pin To Net: NetName=PA1 Pin=1-4
Added Pin To Net: NetName=PA1 Pin=U7-6
Added Net: Name=PA1
Added Pin To Net: NetName=PA2 Pin=U3-4
Added Pin To Net: NetName=PA2 Pin=U7-7
Added Net: Name=PA2
Added Pin To Net: NetName=PA3 Pin=U3-5
Added Pin To Net: NetName=PA3 Pin=U7-8
Added Net: Name=PA3
Added Pin To Net: NetName=PA5 Pin=U1-3
Added Pin To Net: NetName=PA5 Pin=U7-10
Added Net: Name=PA5
Added Pin To Net: NetName=PA7 Pin=U1-4
Added Pin To Net: NetName=PA7 Pin=U7-12
Added Net: Name=PA7
Added Pin To Net: NetName=PA8 Pin=U4-2
Added Pin To Net: NetName=PA8 Pin=U7-25
Added Net: Name=PA8
Added Pin To Net: NetName=PB8 Pin=R5-1
Added Pin To Net: NetName=PB8 Pin=U3-7
Added Pin To Net: NetName=PB8 Pin=U7-36
Added Net: Name=PB8
Added Pin To Net: NetName=PB10 Pin=U2-2
Added Pin To Net: NetName=PB10 Pin=U7-15
Added Net: Name=PB10
Added Pin To Net: NetName=PB11 Pin=U2-3
Added Pin To Net: NetName=PB11 Pin=U7-16
Added Net: Name=PB11
Added Member To Class: ClassName=MineSafe Member=Component J3 Debugging port
Added Member To Class: ClassName=MineSafe Member=Component R2 1K
Added Member To Class: ClassName=MineSafe Member=Component R4 10K
Added Member To Class: ClassName=MineSafe Member=Component R5 10k次
Added Member To Class: ClassName=MineSafe Member=Component R8 5.1k次
Added Member To Class: ClassName=MineSafe Member=Component U7 MCU_MHDR
