Added Component: Designator=C1(C0603)
Add component (AddParameter): Name = "Add into BOM"; Value = "yes"; VariantName = "[No Variations]"
Add component (AddParameter): Name = "Convert to PCB"; Value = "yes"; VariantName = "[No Variations]"
Add component (AddParameter): Name = "Device"; Value = "10uF"; VariantName = "[No Variations]"
Add component (AddParameter): Name = "Manufacturer"; Value = "FH"; VariantName = "[No Variations]"
Add component (AddParameter): Name = "Manufacturer Part"; Value = "0603X106K160NT"; VariantName = "[No Variations]"
Add component (AddParameter): Name = "nameAlias"; Value = "Capacitance"; VariantName = "[No Variations]"
Add component (AddParameter): Name = "Origin Footprint"; Value = "C0603"; VariantName = "[No Variations]"
Add component (AddParameter): Name = "spicePre"; Value = "C"; VariantName = "[No Variations]"
Add component (AddParameter): Name = "spiceSymbolName"; Value = "0603X106K160NT"; VariantName = "[No Variations]"
Add component (AddParameter): Name = "Supplier"; Value = "LCSC"; VariantName = "[No Variations]"
Add component (AddParameter): Name = "Supplier Part"; Value = "C70225"; VariantName = "[No Variations]"
Add component (AddParameter): Name = "Symbol"; Value = "10uF"; VariantName = "[No Variations]"
Added Component: Designator=C2(C0603)
Add component (AddParameter): Name = "Add into BOM"; Value = "yes"; VariantName = "[No Variations]"
Add component (AddParameter): Name = "Convert to PCB"; Value = "yes"; VariantName = "[No Variations]"
Add component (AddParameter): Name = "Device"; Value = "100nF"; VariantName = "[No Variations]"
Add component (AddParameter): Name = "JLCPCB Part Class"; Value = "Basic"; VariantName = "[No Variations]"
Add component (AddParameter): Name = "JLCPCB SMD"; Value = "Yes"; VariantName = "[No Variations]"
Add component (AddParameter): Name = "Manufacturer"; Value = "YAGEO"; VariantName = "[No Variations]"
Add component (AddParameter): Name = "Manufacturer Part"; Value = "CC0603KRX7R9BB104"; VariantName = "[No Variations]"
Add component (AddParameter): Name = "nameAlias"; Value = "Capacitance"; VariantName = "[No Variations]"
Add component (AddParameter): Name = "Origin Footprint"; Value = "C0603"; VariantName = "[No Variations]"
Add component (AddParameter): Name = "spicePre"; Value = "C"; VariantName = "[No Variations]"
Add component (AddParameter): Name = "spiceSymbolName"; Value = "CC0603KRX7R9BB104"; VariantName = "[No Variations]"
Add component (AddParameter): Name = "Supplier"; Value = "LCSC"; VariantName = "[No Variations]"
Add component (AddParameter): Name = "Supplier Part"; Value = "C14663"; VariantName = "[No Variations]"
Add component (AddParameter): Name = "Symbol"; Value = "100nF"; VariantName = "[No Variations]"
Added Component: Designator=C3(C0603)
Add component (AddParameter): Name = "Add into BOM"; Value = "yes"; VariantName = "[No Variations]"
Add component (AddParameter): Name = "Convert to PCB"; Value = "yes"; VariantName = "[No Variations]"
Add component (AddParameter): Name = "Device"; Value = "10uF"; VariantName = "[No Variations]"
Add component (AddParameter): Name = "Manufacturer"; Value = "FH"; VariantName = "[No Variations]"
Add component (AddParameter): Name = "Manufacturer Part"; Value = "0603X106K160NT"; VariantName = "[No Variations]"
Add component (AddParameter): Name = "nameAlias"; Value = "Capacitance"; VariantName = "[No Variations]"
Add component (AddParameter): Name = "Origin Footprint"; Value = "C0603"; VariantName = "[No Variations]"
Add component (AddParameter): Name = "spicePre"; Value = "C"; VariantName = "[No Variations]"
Add component (AddParameter): Name = "spiceSymbolName"; Value = "0603X106K160NT"; VariantName = "[No Variations]"
Add component (AddParameter): Name = "Supplier"; Value = "LCSC"; VariantName = "[No Variations]"
Add component (AddParameter): Name = "Supplier Part"; Value = "C70225"; VariantName = "[No Variations]"
Add component (AddParameter): Name = "Symbol"; Value = "10uF"; VariantName = "[No Variations]"
Added Component: Designator=C4(C0603)
Add component (AddParameter): Name = "Add into BOM"; Value = "yes"; VariantName = "[No Variations]"
Add component (AddParameter): Name = "Convert to PCB"; Value = "yes"; VariantName = "[No Variations]"
Add component (AddParameter): Name = "Device"; Value = "100nF"; VariantName = "[No Variations]"
Add component (AddParameter): Name = "JLCPCB Part Class"; Value = "Basic"; VariantName = "[No Variations]"
Add component (AddParameter): Name = "JLCPCB SMD"; Value = "Yes"; VariantName = "[No Variations]"
Add component (AddParameter): Name = "Manufacturer"; Value = "YAGEO"; VariantName = "[No Variations]"
Add component (AddParameter): Name = "Manufacturer Part"; Value = "CC0603KRX7R9BB104"; VariantName = "[No Variations]"
Add component (AddParameter): Name = "nameAlias"; Value = "Capacitance"; VariantName = "[No Variations]"
Add component (AddParameter): Name = "Origin Footprint"; Value = "C0603"; VariantName = "[No Variations]"
Add component (AddParameter): Name = "spicePre"; Value = "C"; VariantName = "[No Variations]"
Add component (AddParameter): Name = "spiceSymbolName"; Value = "CC0603KRX7R9BB104"; VariantName = "[No Variations]"
Add component (AddParameter): Name = "Supplier"; Value = "LCSC"; VariantName = "[No Variations]"
Add component (AddParameter): Name = "Supplier Part"; Value = "C14663"; VariantName = "[No Variations]"
Add component (AddParameter): Name = "Symbol"; Value = "100nF"; VariantName = "[No Variations]"
Added Component: Designator=C5(C0603)
Add component (AddParameter): Name = "Add into BOM"; Value = "yes"; VariantName = "[No Variations]"
Add component (AddParameter): Name = "Convert to PCB"; Value = "yes"; VariantName = "[No Variations]"
Add component (AddParameter): Name = "Device"; Value = "100nF"; VariantName = "[No Variations]"
Add component (AddParameter): Name = "JLCPCB Part Class"; Value = "Basic"; VariantName = "[No Variations]"
Add component (AddParameter): Name = "JLCPCB SMD"; Value = "Yes"; VariantName = "[No Variations]"
Add component (AddParameter): Name = "Manufacturer"; Value = "YAGEO"; VariantName = "[No Variations]"
Add component (AddParameter): Name = "Manufacturer Part"; Value = "CC0603KRX7R9BB104"; VariantName = "[No Variations]"
Add component (AddParameter): Name = "nameAlias"; Value = "Capacitance"; VariantName = "[No Variations]"
Add component (AddParameter): Name = "Origin Footprint"; Value = "C0603"; VariantName = "[No Variations]"
Add component (AddParameter): Name = "spicePre"; Value = "C"; VariantName = "[No Variations]"
Add component (AddParameter): Name = "spiceSymbolName"; Value = "CC0603KRX7R9BB104"; VariantName = "[No Variations]"
Add component (AddParameter): Name = "Supplier"; Value = "LCSC"; VariantName = "[No Variations]"
Add component (AddParameter): Name = "Supplier Part"; Value = "C14663"; VariantName = "[No Variations]"
Add component (AddParameter): Name = "Symbol"; Value = "100nF"; VariantName = "[No Variations]"
Added Component: Designator=D1(SMA_L4.2-W2.6-LS5.3-RD)
Add component (AddParameter): Name = "Add into BOM"; Value = "yes"; VariantName = "[No Variations]"
Add component (AddParameter): Name = "Convert to PCB"; Value = "yes"; VariantName = "[No Variations]"
Add component (AddParameter): Name = "Device"; Value = "SS14"; VariantName = "[No Variations]"
Add component (AddParameter): Name = "JLCPCB Part Class"; Value = "Basic Part"; VariantName = "[No Variations]"
Add component (AddParameter): Name = "Manufacturer"; Value = "MDD"; VariantName = "[No Variations]"
Add component (AddParameter): Name = "Manufacturer Part"; Value = "SS14"; VariantName = "[No Variations]"
Add component (AddParameter): Name = "Origin Footprint"; Value = "SMA_L4.2-W2.6-LS5.3-RD"; VariantName = "[No Variations]"
Add component (AddParameter): Name = "spicePre"; Value = "D"; VariantName = "[No Variations]"
Add component (AddParameter): Name = "spiceSymbolName"; Value = "SS14"; VariantName = "[No Variations]"
Add component (AddParameter): Name = "Supplier"; Value = "LCSC"; VariantName = "[No Variations]"
Add component (AddParameter): Name = "Supplier Part"; Value = "C2480"; VariantName = "[No Variations]"
Add component (AddParameter): Name = "Symbol"; Value = "SS14"; VariantName = "[No Variations]"
Added Component: Designator=J3(HDR-M-2.54_2X20)
Add component (AddParameter): Name = "Add into BOM"; Value = "yes"; VariantName = "[No Variations]"
Add component (AddParameter): Name = "Contributor"; Value = "LCEDA_Lib"; VariantName = "[No Variations]"
Add component (AddParameter): Name = "Convert to PCB"; Value = "yes"; VariantName = "[No Variations]"
Add component (AddParameter): Name = "Device"; Value = "HDR-M-2.54_2x20"; VariantName = "[No Variations]"
Add component (AddParameter): Name = "Manufacturer Part"; Value = ""; VariantName = "[No Variations]"
Add component (AddParameter): Name = "Origin Footprint"; Value = "HDR-M-2.54_2X20"; VariantName = "[No Variations]"
Add component (AddParameter): Name = "spicePre"; Value = "J"; VariantName = "[No Variations]"
Add component (AddParameter): Name = "spiceSymbolName"; Value = "HDR-M-2.54_2x20"; VariantName = "[No Variations]"
Add component (AddParameter): Name = "Supplier"; Value = "LCSC"; VariantName = "[No Variations]"
Add component (AddParameter): Name = "Supplier Part"; Value = "C50980"; VariantName = "[No Variations]"
Add component (AddParameter): Name = "Symbol"; Value = "HDR-M-2.54_2x20"; VariantName = "[No Variations]"
Added Component: Designator=J4(HDR-M-2.54_1X2)
Add component (AddParameter): Name = "Add into BOM"; Value = "yes"; VariantName = "[No Variations]"
Add component (AddParameter): Name = "Contributor"; Value = "LCEDA_Lib"; VariantName = "[No Variations]"
Add component (AddParameter): Name = "Convert to PCB"; Value = "yes"; VariantName = "[No Variations]"
Add component (AddParameter): Name = "Device"; Value = "HDR-M-2.54_1x2"; VariantName = "[No Variations]"
Add component (AddParameter): Name = "Manufacturer"; Value = ""; VariantName = "[No Variations]"
Add component (AddParameter): Name = "Manufacturer Part"; Value = ""; VariantName = "[No Variations]"
Add component (AddParameter): Name = "Origin Footprint"; Value = "HDR-M-2.54_1X2"; VariantName = "[No Variations]"
Add component (AddParameter): Name = "spicePre"; Value = "J"; VariantName = "[No Variations]"
Add component (AddParameter): Name = "spiceSymbolName"; Value = "HDR-M-2.54_1x2"; VariantName = "[No Variations]"
Add component (AddParameter): Name = "Supplier"; Value = "LCSC"; VariantName = "[No Variations]"
Add component (AddParameter): Name = "Supplier Part"; Value = "C124375"; VariantName = "[No Variations]"
Add component (AddParameter): Name = "Symbol"; Value = "HDR-M-2.54_1x2"; VariantName = "[No Variations]"
Added Component: Designator=LED1(LED0805-RD_RED)
Add component (AddParameter): Name = "Add into BOM"; Value = "yes"; VariantName = "[No Variations]"
Add component (AddParameter): Name = "Convert to PCB"; Value = "yes"; VariantName = "[No Variations]"
Add component (AddParameter): Name = "Device"; Value = "FC-2012HRK-620D"; VariantName = "[No Variations]"
Add component (AddParameter): Name = "JLCPCB Part Class"; Value = "Basic Part"; VariantName = "[No Variations]"
Add component (AddParameter): Name = "Manufacturer"; Value = "NATIONSTAR"; VariantName = "[No Variations]"
Add component (AddParameter): Name = "Manufacturer Part"; Value = "FC-2012HRK-620D"; VariantName = "[No Variations]"
Add component (AddParameter): Name = "Origin Footprint"; Value = "LED0805-RD_RED"; VariantName = "[No Variations]"
Add component (AddParameter): Name = "spicePre"; Value = "L"; VariantName = "[No Variations]"
Add component (AddParameter): Name = "spiceSymbolName"; Value = "FC-2012HRK-620D"; VariantName = "[No Variations]"
Add component (AddParameter): Name = "Supplier"; Value = "LCSC"; VariantName = "[No Variations]"
Add component (AddParameter): Name = "Supplier Part"; Value = "C84256"; VariantName = "[No Variations]"
Add component (AddParameter): Name = "Symbol"; Value = "FC-2012HRK-620D"; VariantName = "[No Variations]"
Added Component: Designator=R3(R0603)
Add component (AddParameter): Name = "Add into BOM"; Value = "yes"; VariantName = "[No Variations]"
Add component (AddParameter): Name = "Convert to PCB"; Value = "yes"; VariantName = "[No Variations]"
Add component (AddParameter): Name = "Device"; Value = "5.1k次"; VariantName = "[No Variations]"
Add component (AddParameter): Name = "JLCPCB Part Class"; Value = "Basic Part"; VariantName = "[No Variations]"
Add component (AddParameter): Name = "Manufacturer"; Value = "UniOhm"; VariantName = "[No Variations]"
Add component (AddParameter): Name = "Manufacturer Part"; Value = "0603WAF5101T5E"; VariantName = "[No Variations]"
Add component (AddParameter): Name = "nameAlias"; Value = "Resistance"; VariantName = "[No Variations]"
Add component (AddParameter): Name = "Origin Footprint"; Value = "R0603"; VariantName = "[No Variations]"
Add component (AddParameter): Name = "Resistance"; Value = "5.1K"; VariantName = "[No Variations]"
Add component (AddParameter): Name = "spicePre"; Value = "R"; VariantName = "[No Variations]"
Add component (AddParameter): Name = "spiceSymbolName"; Value = "0603WAF5101T5E"; VariantName = "[No Variations]"
Add component (AddParameter): Name = "Supplier"; Value = "LCSC"; VariantName = "[No Variations]"
Add component (AddParameter): Name = "Supplier Part"; Value = "C23186"; VariantName = "[No Variations]"
Add component (AddParameter): Name = "Symbol"; Value = "5.1k次"; VariantName = "[No Variations]"
Added Component: Designator=R4(R0603)
Add component (AddParameter): Name = "Add into BOM"; Value = "yes"; VariantName = "[No Variations]"
Add component (AddParameter): Name = "Convert to PCB"; Value = "yes"; VariantName = "[No Variations]"
Add component (AddParameter): Name = "Device"; Value = "510次"; VariantName = "[No Variations]"
Add component (AddParameter): Name = "JLCPCB Part Class"; Value = "Basic Part"; VariantName = "[No Variations]"
Add component (AddParameter): Name = "Manufacturer"; Value = "UniOhm"; VariantName = "[No Variations]"
Add component (AddParameter): Name = "Manufacturer Part"; Value = "0603WAF5100T5E"; VariantName = "[No Variations]"
Add component (AddParameter): Name = "nameAlias"; Value = "Resistance"; VariantName = "[No Variations]"
Add component (AddParameter): Name = "Origin Footprint"; Value = "R0603"; VariantName = "[No Variations]"
Add component (AddParameter): Name = "Resistance"; Value = "510"; VariantName = "[No Variations]"
Add component (AddParameter): Name = "spicePre"; Value = "R"; VariantName = "[No Variations]"
Add component (AddParameter): Name = "spiceSymbolName"; Value = "0603WAF5100T5E"; VariantName = "[No Variations]"
Add component (AddParameter): Name = "Supplier"; Value = "LCSC"; VariantName = "[No Variations]"
Add component (AddParameter): Name = "Supplier Part"; Value = "C23193"; VariantName = "[No Variations]"
Add component (AddParameter): Name = "Symbol"; Value = "510次"; VariantName = "[No Variations]"
Added Component: Designator=R5(R0603)
Add component (AddParameter): Name = "Add into BOM"; Value = "yes"; VariantName = "[No Variations]"
Add component (AddParameter): Name = "Convert to PCB"; Value = "yes"; VariantName = "[No Variations]"
Add component (AddParameter): Name = "Device"; Value = "5.1k次"; VariantName = "[No Variations]"
Add component (AddParameter): Name = "JLCPCB Part Class"; Value = "Basic Part"; VariantName = "[No Variations]"
Add component (AddParameter): Name = "Manufacturer"; Value = "UniOhm"; VariantName = "[No Variations]"
Add component (AddParameter): Name = "Manufacturer Part"; Value = "0603WAF5101T5E"; VariantName = "[No Variations]"
Add component (AddParameter): Name = "nameAlias"; Value = "Resistance"; VariantName = "[No Variations]"
Add component (AddParameter): Name = "Origin Footprint"; Value = "R0603"; VariantName = "[No Variations]"
Add component (AddParameter): Name = "Resistance"; Value = "5.1K"; VariantName = "[No Variations]"
Add component (AddParameter): Name = "spicePre"; Value = "R"; VariantName = "[No Variations]"
Add component (AddParameter): Name = "spiceSymbolName"; Value = "0603WAF5101T5E"; VariantName = "[No Variations]"
Add component (AddParameter): Name = "Supplier"; Value = "LCSC"; VariantName = "[No Variations]"
Add component (AddParameter): Name = "Supplier Part"; Value = "C23186"; VariantName = "[No Variations]"
Add component (AddParameter): Name = "Symbol"; Value = "5.1k次"; VariantName = "[No Variations]"
Added Component: Designator=U4(STM32F103C8T6-BLUEPILL)
Add component (AddParameter): Name = "Add into BOM"; Value = "yes"; VariantName = "[No Variations]"
Add component (AddParameter): Name = "Contributor"; Value = "drswith"; VariantName = "[No Variations]"
Add component (AddParameter): Name = "Convert to PCB"; Value = "yes"; VariantName = "[No Variations]"
Add component (AddParameter): Name = "Device"; Value = "STM32F103C8T6-Bluepill"; VariantName = "[No Variations]"
Add component (AddParameter): Name = "link"; Value = ""; VariantName = "[No Variations]"
Add component (AddParameter): Name = "Manufacturer"; Value = ""; VariantName = "[No Variations]"
Add component (AddParameter): Name = "Manufacturer Part"; Value = ""; VariantName = "[No Variations]"
Add component (AddParameter): Name = "Origin Footprint"; Value = "STM32F103C8T6-BLUEPILL"; VariantName = "[No Variations]"
Add component (AddParameter): Name = "spicePre"; Value = "U"; VariantName = "[No Variations]"
Add component (AddParameter): Name = "spiceSymbolName"; Value = "STM32F103C8T6-Bluepill"; VariantName = "[No Variations]"
Add component (AddParameter): Name = "Supplier"; Value = ""; VariantName = "[No Variations]"
Add component (AddParameter): Name = "Supplier Part"; Value = ""; VariantName = "[No Variations]"
Add component (AddParameter): Name = "Symbol"; Value = "STM32F103C8T6-Bluepill"; VariantName = "[No Variations]"
Added Component: Designator=U5(SOT-223-3_L6.5-W3.4-P2.30-LS7.0-BR)
Add component (AddParameter): Name = "Add into BOM"; Value = "yes"; VariantName = "[No Variations]"
Add component (AddParameter): Name = "Convert to PCB"; Value = "yes"; VariantName = "[No Variations]"
Add component (AddParameter): Name = "Device"; Value = "AMS1117-3.3"; VariantName = "[No Variations]"
Add component (AddParameter): Name = "image"; Value = "//image.lceda.cn/szlcsc/C6186.jpg"; VariantName = "[No Variations]"
Add component (AddParameter): Name = "JLCPCB Part Class"; Value = "Basic"; VariantName = "[No Variations]"
Add component (AddParameter): Name = "JLCPCB SMD"; Value = "Yes"; VariantName = "[No Variations]"
Add component (AddParameter): Name = "Manufacturer"; Value = "AMS"; VariantName = "[No Variations]"
Add component (AddParameter): Name = "Manufacturer Part"; Value = "AMS1117-3.3"; VariantName = "[No Variations]"
Add component (AddParameter): Name = "Origin Footprint"; Value = "SOT-223-3_L6.5-W3.4-P2.30-LS7.0-BR"; VariantName = "[No Variations]"
Add component (AddParameter): Name = "sourceId"; Value = "dwIGgezVh"; VariantName = "[No Variations]"
Add component (AddParameter): Name = "spicePre"; Value = "U"; VariantName = "[No Variations]"
Add component (AddParameter): Name = "spiceSymbolName"; Value = "AMS1117-3.3"; VariantName = "[No Variations]"
Add component (AddParameter): Name = "Supplier"; Value = "LCSC"; VariantName = "[No Variations]"
Add component (AddParameter): Name = "Supplier Part"; Value = "C6186"; VariantName = "[No Variations]"
Add component (AddParameter): Name = "Symbol"; Value = "AMS1117-3.3"; VariantName = "[No Variations]"
Add component (AddParameter): Name = "timeStamp"; Value = "1476261164"; VariantName = "[No Variations]"
Added Component: Designator=U6(SOP-16_L10.0-W3.9-P1.27-LS6.0-BL)
Add component (AddParameter): Name = "Add into BOM"; Value = "yes"; VariantName = "[No Variations]"
Add component (AddParameter): Name = "Convert to PCB"; Value = "yes"; VariantName = "[No Variations]"
Add component (AddParameter): Name = "Device"; Value = "CH340C"; VariantName = "[No Variations]"
Add component (AddParameter): Name = "JLCPCB Part Class"; Value = "Extended Part"; VariantName = "[No Variations]"
Add component (AddParameter): Name = "Manufacturer"; Value = "WCH"; VariantName = "[No Variations]"
Add component (AddParameter): Name = "Manufacturer Part"; Value = "CH340C"; VariantName = "[No Variations]"
Add component (AddParameter): Name = "Origin Footprint"; Value = "SOP-16_L10.0-W3.9-P1.27-LS6.0-BL"; VariantName = "[No Variations]"
Add component (AddParameter): Name = "spicePre"; Value = "U"; VariantName = "[No Variations]"
Add component (AddParameter): Name = "spiceSymbolName"; Value = "CH340C"; VariantName = "[No Variations]"
Add component (AddParameter): Name = "Supplier"; Value = "LCSC"; VariantName = "[No Variations]"
Add component (AddParameter): Name = "Supplier Part"; Value = "C84681"; VariantName = "[No Variations]"
Add component (AddParameter): Name = "Symbol"; Value = "CH340C"; VariantName = "[No Variations]"
Added Component: Designator=USB1(USB-C-SMD_XUNPU_TYPEC-304A-ACP16L)
Add component (AddParameter): Name = "Add into BOM"; Value = "yes"; VariantName = "[No Variations]"
Add component (AddParameter): Name = "Contributor"; Value = "LCSC"; VariantName = "[No Variations]"
Add component (AddParameter): Name = "Convert to PCB"; Value = "yes"; VariantName = "[No Variations]"
Add component (AddParameter): Name = "Device"; Value = "TYPEC-304A-ACP16L"; VariantName = "[No Variations]"
Add component (AddParameter): Name = "JLCPCB Part Class"; Value = "Extended Part"; VariantName = "[No Variations]"
Add component (AddParameter): Name = "Manufacturer"; Value = "XUNPU(捅ぱ)"; VariantName = "[No Variations]"
Add component (AddParameter): Name = "Manufacturer Part"; Value = "TYPEC-304A-ACP16L"; VariantName = "[No Variations]"
Add component (AddParameter): Name = "Origin Footprint"; Value = "USB-C-SMD_XUNPU_TYPEC-304A-ACP16L"; VariantName = "[No Variations]"
Add component (AddParameter): Name = "spicePre"; Value = "U"; VariantName = "[No Variations]"
Add component (AddParameter): Name = "spiceSymbolName"; Value = "TYPEC-304A-ACP16L"; VariantName = "[No Variations]"
Add component (AddParameter): Name = "Supplier"; Value = "LCSC"; VariantName = "[No Variations]"
Add component (AddParameter): Name = "Supplier Part"; Value = "C2909609"; VariantName = "[No Variations]"
Add component (AddParameter): Name = "Symbol"; Value = "TYPEC-304A-ACP16L"; VariantName = "[No Variations]"
Added Component: Designator=USB2(USB-C-SMD_XUNPU_TYPEC-304A-ACP16L)
Add component (AddParameter): Name = "Add into BOM"; Value = "yes"; VariantName = "[No Variations]"
Add component (AddParameter): Name = "Contributor"; Value = "LCSC"; VariantName = "[No Variations]"
Add component (AddParameter): Name = "Convert to PCB"; Value = "yes"; VariantName = "[No Variations]"
Add component (AddParameter): Name = "Device"; Value = "TYPEC-304A-ACP16L"; VariantName = "[No Variations]"
Add component (AddParameter): Name = "JLCPCB Part Class"; Value = "Extended Part"; VariantName = "[No Variations]"
Add component (AddParameter): Name = "Manufacturer"; Value = "XUNPU(捅ぱ)"; VariantName = "[No Variations]"
Add component (AddParameter): Name = "Manufacturer Part"; Value = "TYPEC-304A-ACP16L"; VariantName = "[No Variations]"
Add component (AddParameter): Name = "Origin Footprint"; Value = "USB-C-SMD_XUNPU_TYPEC-304A-ACP16L"; VariantName = "[No Variations]"
Add component (AddParameter): Name = "spicePre"; Value = "U"; VariantName = "[No Variations]"
Add component (AddParameter): Name = "spiceSymbolName"; Value = "TYPEC-304A-ACP16L"; VariantName = "[No Variations]"
Add component (AddParameter): Name = "Supplier"; Value = "LCSC"; VariantName = "[No Variations]"
Add component (AddParameter): Name = "Supplier Part"; Value = "C2909609"; VariantName = "[No Variations]"
Add component (AddParameter): Name = "Symbol"; Value = "TYPEC-304A-ACP16L"; VariantName = "[No Variations]"
Added Pin To Net: NetName=GND Pin=C1-1
Added Pin To Net: NetName=GND Pin=C2-1
Added Pin To Net: NetName=GND Pin=C3-1
Added Pin To Net: NetName=GND Pin=C4-1
Added Pin To Net: NetName=GND Pin=C5-2
Added Pin To Net: NetName=GND Pin=LED1-1
Added Pin To Net: NetName=GND Pin=R3-2
Added Pin To Net: NetName=GND Pin=R5-1
Added Pin To Net: NetName=GND Pin=U4-39
Added Pin To Net: NetName=GND Pin=U5-1
Added Pin To Net: NetName=GND Pin=U6-1
Added Pin To Net: NetName=GND Pin=USB2-25
Added Pin To Net: NetName=GND Pin=USB2-26
Added Pin To Net: NetName=GND Pin=USB2-27
Added Pin To Net: NetName=GND Pin=USB2-28
Added Pin To Net: NetName=GND Pin=USB2-A1
Added Pin To Net: NetName=GND Pin=USB2-A12
Added Pin To Net: NetName=GND Pin=USB2-B1
Added Pin To Net: NetName=GND Pin=USB2-B12
Added Pin To Net: NetName=+5V Pin=C1-2
Added Pin To Net: NetName=+5V Pin=C2-2
Added Pin To Net: NetName=+5V Pin=D1-1
Added Pin To Net: NetName=+5V Pin=U5-3
Added Net: Name=+5V
Added Pin To Net: NetName=CC1 Pin=R3-1
Added Pin To Net: NetName=CC1 Pin=USB2-A5
Added Net: Name=CC1
Added Pin To Net: NetName=CC2 Pin=R5-2
Added Pin To Net: NetName=CC2 Pin=USB2-B5
Added Net: Name=CC2
Added Pin To Net: NetName=NetLED1_2 Pin=LED1-2
Added Pin To Net: NetName=NetLED1_2 Pin=R4-1
Added Net: Name=NetLED1_2
Added Pin To Net: NetName=PA9 Pin=J4-1
Added Pin To Net: NetName=PA9 Pin=U4-26
Added Pin To Net: NetName=PA9 Pin=U6-3
Added Net: Name=PA9
Added Pin To Net: NetName=PA10 Pin=J4-2
Added Pin To Net: NetName=PA10 Pin=U4-27
Added Pin To Net: NetName=PA10 Pin=U6-2
Added Net: Name=PA10
Added Pin To Net: NetName=USB_D+ Pin=U6-5
Added Pin To Net: NetName=USB_D+ Pin=USB2-A6
Added Pin To Net: NetName=USB_D+ Pin=USB2-B6
Added Net: Name=USB_D+
Added Pin To Net: NetName=USB_D- Pin=U6-6
Added Pin To Net: NetName=USB_D- Pin=USB2-A7
Added Pin To Net: NetName=USB_D- Pin=USB2-B7
Added Net: Name=USB_D-
Added Pin To Net: NetName=VCC Pin=C3-2
Added Pin To Net: NetName=VCC Pin=C4-2
Added Pin To Net: NetName=VCC Pin=C5-1
Added Pin To Net: NetName=VCC Pin=R4-2
Added Pin To Net: NetName=VCC Pin=U4-40
Added Pin To Net: NetName=VCC Pin=U5-2
Added Pin To Net: NetName=VCC Pin=U5-4
Added Pin To Net: NetName=VCC Pin=U6-4
Added Pin To Net: NetName=VCC Pin=U6-16
Added Net: Name=VCC
Added Pin To Net: NetName=VUSB Pin=D1-2
Added Pin To Net: NetName=VUSB Pin=USB2-A4
Added Pin To Net: NetName=VUSB Pin=USB2-A9
Added Pin To Net: NetName=VUSB Pin=USB2-B4
Added Pin To Net: NetName=VUSB Pin=USB2-B9
Added Net: Name=VUSB
Added Member To Class: ClassName=MineSafe Member=Component C1 10uF
Added Member To Class: ClassName=MineSafe Member=Component C2 100nF
Added Member To Class: ClassName=MineSafe Member=Component C3 10uF
Added Member To Class: ClassName=MineSafe Member=Component C4 100nF
Added Member To Class: ClassName=MineSafe Member=Component C5 100nF
Added Member To Class: ClassName=MineSafe Member=Component D1 SS14
Added Member To Class: ClassName=MineSafe Member=Component J3 HDR-M-2.54_2x20
Added Member To Class: ClassName=MineSafe Member=Component J4 Debugging port
Added Member To Class: ClassName=MineSafe Member=Component LED1 FC-2012HRK-620D
Added Member To Class: ClassName=MineSafe Member=Component R3 5.1k次
Added Member To Class: ClassName=MineSafe Member=Component R4 510次
Added Member To Class: ClassName=MineSafe Member=Component R5 5.1k次
Added Member To Class: ClassName=MineSafe Member=Component U4 STM32F103C8T6-Bluepill
Added Member To Class: ClassName=MineSafe Member=Component U5 AMS1117-3.3
Added Member To Class: ClassName=MineSafe Member=Component U6 CH340C
Added Member To Class: ClassName=MineSafe Member=Component USB1 TYPEC-304A-ACP16L
Added Member To Class: ClassName=MineSafe Member=Component USB2 TYPEC-304A-ACP16L
Added Rule: Name=Schematic Supply Nets_1
Added Rule: Name=Schematic Supply Nets_2
