Added Component: Designator=BUZ1(BUZ-TH_BD9.0-P5.00-D0.6-FD)
Add component (AddParameter): Name = "Contributor"; Value = "LCSC"; VariantName = "[No Variations]"
Add component (AddParameter): Name = "Manufacturer"; Value = "Jiangsu Huaneng Elec"; VariantName = "[No Variations]"
Add component (AddParameter): Name = "Manufacturer Part"; Value = "HNB09A03"; VariantName = "[No Variations]"
Add component (AddParameter): Name = "spicePre"; Value = "B"; VariantName = "[No Variations]"
Add component (AddParameter): Name = "spiceSymbolName"; Value = "HNB09A03 3.3V"; VariantName = "[No Variations]"
Add component (AddParameter): Name = "Supplier"; Value = "LCSC"; VariantName = "[No Variations]"
Add component (AddParameter): Name = "Supplier Part"; Value = "C96102"; VariantName = "[No Variations]"
Added Component: Designator=Q1(SOT-23-3_L2.9-W1.3-P1.90-LS2.4-BR)
Add component (AddParameter): Name = "image"; Value = "//image.lceda.cn/szlcsc/C2150.jpg"; VariantName = "[No Variations]"
Add component (AddParameter): Name = "LCSC Assembly"; Value = "Yes"; VariantName = "[No Variations]"
Add component (AddParameter): Name = "Manufacturer"; Value = "CJ"; VariantName = "[No Variations]"
Add component (AddParameter): Name = "Manufacturer Part"; Value = "SS8050"; VariantName = "[No Variations]"
Add component (AddParameter): Name = "SMT Type"; Value = "Basic"; VariantName = "[No Variations]"
Add component (AddParameter): Name = "spicePre"; Value = "Q"; VariantName = "[No Variations]"
Add component (AddParameter): Name = "spiceSymbolName"; Value = "SS8050_C2150"; VariantName = "[No Variations]"
Add component (AddParameter): Name = "Supplier"; Value = "LCSC"; VariantName = "[No Variations]"
Add component (AddParameter): Name = "Supplier Part"; Value = "C2150"; VariantName = "[No Variations]"
Added Component: Designator=R1(R 0603)
Add component (AddParameter): Name = "LCSC Assembly"; Value = "Yes"; VariantName = "[No Variations]"
Add component (AddParameter): Name = "Manufacturer"; Value = "UniOhm"; VariantName = "[No Variations]"
Add component (AddParameter): Name = "Manufacturer Part"; Value = "0603WAF1001T5E"; VariantName = "[No Variations]"
Add component (AddParameter): Name = "nameAlias"; Value = "Resistance (Ohms)"; VariantName = "[No Variations]"
Add component (AddParameter): Name = "SMT Type"; Value = "Basic"; VariantName = "[No Variations]"
Add component (AddParameter): Name = "spicePre"; Value = "R"; VariantName = "[No Variations]"
Add component (AddParameter): Name = "spiceSymbolName"; Value = "0603WAF1001T5E"; VariantName = "[No Variations]"
Add component (AddParameter): Name = "Supplier"; Value = "LCSC"; VariantName = "[No Variations]"
Add component (AddParameter): Name = "Supplier Part"; Value = "C21190"; VariantName = "[No Variations]"
Added Component: Designator=R2(R 0603)
Add component (AddParameter): Name = "LCSC Assembly"; Value = "Yes"; VariantName = "[No Variations]"
Add component (AddParameter): Name = "Manufacturer"; Value = "UniOhm"; VariantName = "[No Variations]"
Add component (AddParameter): Name = "Manufacturer Part"; Value = "0603WAF1002T5E"; VariantName = "[No Variations]"
Add component (AddParameter): Name = "nameAlias"; Value = "Resistance (Ohms)"; VariantName = "[No Variations]"
Add component (AddParameter): Name = "SMT Type"; Value = "Basic"; VariantName = "[No Variations]"
Add component (AddParameter): Name = "spicePre"; Value = "R"; VariantName = "[No Variations]"
Add component (AddParameter): Name = "spiceSymbolName"; Value = "0603WAF1002T5E"; VariantName = "[No Variations]"
Add component (AddParameter): Name = "Supplier"; Value = "LCSC"; VariantName = "[No Variations]"
Add component (AddParameter): Name = "Supplier Part"; Value = "C25804"; VariantName = "[No Variations]"
Added Pin To Net: NetName=GND Pin=Q1-2
Added Pin To Net: NetName=GND Pin=R2-2
Added Net: Name=GND
Added Pin To Net: NetName=NetBUZ1_2 Pin=BUZ1-2
Added Pin To Net: NetName=NetBUZ1_2 Pin=Q1-3
Added Net: Name=NetBUZ1_2
Added Pin To Net: NetName=NetQ1_1 Pin=Q1-1
Added Pin To Net: NetName=NetQ1_1 Pin=R1-1
Added Pin To Net: NetName=NetQ1_1 Pin=R2-1
Added Net: Name=NetQ1_1
Added Rule: Name=Schematic Supply Nets
